make all --print-data-base --no-builtin-variables --no-builtin-rules --question
# GNU Make 4.2.1
# Built for x86_64-pc-linux-gnu
# Copyright (C) 1988-2016 Free Software Foundation, Inc.
# License GPLv3+: GNU GPL version 3 or later <http://gnu.org/licenses/gpl.html>
# This is free software: you are free to change and redistribute it.
# There is NO WARRANTY, to the extent permitted by law.

# Make data base, printed on Mon Feb 21 17:40:34 2022

# Variables

# 'override' directive
GNUMAKEFLAGS := 
# automatic
<D = $(patsubst %/,%,$(dir $<))
# automatic
?F = $(notdir $?)
# environment
DESKTOP_SESSION = ubuntu
# default
.SHELLFLAGS := -c
# environment
XDG_SESSION_CLASS = user
# environment
SNAP_COMMON = /var/snap/code/common
# environment
XDG_SESSION_TYPE = x11
# environment
VSCODE_LOG_NATIVE = false
# automatic
?D = $(patsubst %/,%,$(dir $?))
# environment
IM_CONFIG_PHASE = 1
# automatic
@D = $(patsubst %/,%,$(dir $@))
# environment
XAUTHORITY = /run/user/1000/gdm/Xauthority
# environment
GDMSESSION = ubuntu
# environment
XMODIFIERS = @im=ibus
# makefile
CURDIR := /home/siom/Dokumenter/elev/secure_elevator
# makefile
SHELL = /bin/sh
# environment
SNAP_DATA = /var/snap/code/88
# environment
VSCODE_NLS_CONFIG = {"locale":"nb","availableLanguages":{},"_languagePackSupport":true}
# environment
JOURNAL_STREAM = 8:34061
# makefile (from 'Makefile', line 5)
CFLAGS = -Wall -g -std=gnu11 -fsanitize=address
# environment
XDG_CONFIG_DIRS = /etc/xdg/xdg-ubuntu:/etc/xdg
# environment
SNAP_INSTANCE_NAME = code
# environment
SNAP_ARCH = amd64
# makefile (from 'Makefile', line 1)
MAKEFILE_LIST :=  Makefile
# automatic
@F = $(notdir $@)
# environment
GIO_LAUNCHED_DESKTOP_FILE = /var/lib/snapd/desktop/applications/code_code.desktop
# environment
USERNAME = siom
# makefile (from 'Makefile', line 13)
SOURCES :=  main.c  driver/elevio.c
# environment
XDG_DATA_DIRS = /usr/share/ubuntu:/usr/local/share/:/usr/share/:/var/lib/snapd/desktop
# environment
DBUS_SESSION_BUS_ADDRESS = unix:path=/run/user/1000/bus
# environment
VSCODE_VERBOSE_LOGGING = true
# environment
_ = /snap/code/88/usr/share/code/code
# 'override' directive
.SHELLSTATUS := 0
# environment
MANAGERPID = 1166
# environment
LESSOPEN = | /usr/bin/lesspipe %s
# environment
VSCODE_CWD = /home/siom
# environment
GSETTINGS_SCHEMA_DIR = /snap/code/88/usr/share/glib-2.0/schemas
# default
MAKE_HOST := x86_64-pc-linux-gnu
# environment
PATH = /usr/local/sbin:/usr/local/bin:/usr/sbin:/usr/bin:/sbin:/bin:/usr/games:/usr/local/games:/snap/bin
# environment
GPG_AGENT_INFO = /run/user/1000/gnupg/S.gpg-agent:0:1
# environment
SESSION_MANAGER = local/siom-VirtualBox:@/tmp/.ICE-unix/1380,unix/siom-VirtualBox:/tmp/.ICE-unix/1380
# environment
XDG_RUNTIME_DIR = /run/user/1000
# environment
GDK_PIXBUF_MODULE_FILE = /home/siom/snap/code/common/.cache/gdk-pixbuf-loaders.cache
# environment
SNAP = /snap/code/88
# environment
SNAP_VERSION = f80445ac
# environment
XDG_MENU_PREFIX = gnome-
# environment
VSCODE_LOG_STACK = false
# environment
DISABLE_WAYLAND = 1
# environment
VSCODE_CRASH_REPORTER_START_OPTIONS = {"companyName":"Microsoft","productName":"VSCode","submitURL":"appcenter://code?aid=fba07a4d-84bd-4fc8-a125-9640fc8ce171&uid=d8b37f2a-f0a2-47a8-9bdd-58079c51dde7&iid=d8b37f2a-f0a2-47a8-9bdd-58079c51dde7&sid=d8b37f2a-f0a2-47a8-9bdd-58079c51dde7","uploadToServer":true}
# environment
INVOCATION_ID = 073977ae6332412895de44ed46150b3e
# makefile (from 'Makefile', line 6)
LDFLAGS = -fsanitize=address
# environment
GDK_PIXBUF_MODULEDIR = /snap/code/88/usr/lib/x86_64-linux-gnu/gdk-pixbuf-2.0/2.10.0/loaders
# default
.FEATURES := target-specific order-only second-expansion else-if shortest-stem undefine oneshell archives jobserver output-sync check-symlink load
# environment
LS_COLORS = 
# environment
XDG_SESSION_DESKTOP = ubuntu
# environment
SSH_AUTH_SOCK = /run/user/1000/keyring/ssh
# environment
GIO_LAUNCHED_DESKTOP_FILE_PID = 2172
# automatic
%F = $(notdir $%)
# environment
DISPLAY = :0
# environment
VSCODE_PIPE_LOGGING = true
# environment
SNAP_INSTANCE_KEY = 
# environment
PWD = /home/siom/Dokumenter/elev/secure_elevator
# default
.LOADED := 
# environment
SSH_AGENT_PID = 1343
# environment
ORIGINAL_XDG_CURRENT_DESKTOP = ubuntu:GNOME
# environment
GTK_MODULES = gail:atk-bridge
# environment
VSCODE_AMD_ENTRYPOINT = vs/workbench/services/extensions/node/extensionHostProcess
# environment
HOME = /home/siom
# environment
LESSCLOSE = /usr/bin/lesspipe %s %s
# environment
VSCODE_CLI = 1
# environment
VSCODE_CODE_CACHE_PATH = /home/siom/.config/Code/CachedData/f80445acd5a3dadef24aa209168452a3d97cc326
# environment
LOGNAME = siom
# environment
APPLICATION_INSIGHTS_NO_DIAGNOSTIC_CHANNEL = 1
# environment
SNAP_LIBRARY_PATH = /var/lib/snapd/lib/gl:/var/lib/snapd/lib/gl32:/var/lib/snapd/void
# environment
SNAP_CONTEXT = k43yV4npqE76_un8zV7wbQ64WNJlRwkXmeH-DYGbOqBWxD5Owbgn
# environment
ELECTRON_NO_ATTACH_CONSOLE = 1
# environment
SNAP_USER_COMMON = /home/siom/snap/code/common
# environment
VSCODE_HANDLES_UNCAUGHT_ERRORS = true
# environment
GNOME_DESKTOP_SESSION_ID = this-is-deprecated
# automatic
^D = $(patsubst %/,%,$(dir $^))
# environment
MAKELEVEL := 0
# environment
SNAP_REAL_HOME = /home/siom
# default
MAKE = $(MAKE_COMMAND)
# default
MAKECMDGOALS := all
# environment
QT_IM_MODULE = ibus
# environment
SNAP_USER_DATA = /home/siom/snap/code/88
# environment
SHLVL = 0
# environment
GNOME_SHELL_SESSION_MODE = ubuntu
# environment
VSCODE_IPC_HOOK_EXTHOST = /run/user/1000/vscode-ipc-793210ec-45b7-4f86-9c20-38df3298ecad.sock
# default
MAKE_VERSION := 4.2.1
# environment
USER = siom
# environment
SNAP_REVISION = 88
# makefile
.DEFAULT_GOAL := all
# environment
XDG_CURRENT_DESKTOP = Unity
# automatic
%D = $(patsubst %/,%,$(dir $%))
# default
MAKE_COMMAND := make
# default
.VARIABLES := 
# automatic
*F = $(notdir $*)
# environment
LANGUAGE = nb_NO:nb:no_NO:no:nn_NO:nn:en
# environment
VSCODE_IPC_HOOK = /run/user/1000/vscode-eddc96ff-1.64.2-main.sock
# environment
BAMF_DESKTOP_FILE_HINT = /var/lib/snapd/desktop/applications/code_code.desktop
# makefile
MAKEFLAGS = pqrR
# environment
MFLAGS = -pqrR
# automatic
*D = $(patsubst %/,%,$(dir $*))
# environment
BREAKPAD_DUMP_LOCATION = /home/siom/.config/Code/exthost Crash Reports
# automatic
+D = $(patsubst %/,%,$(dir $+))
# environment
GDK_BACKEND = x11
# automatic
+F = $(notdir $+)
# environment
QT_ACCESSIBILITY = 1
# makefile (from 'Makefile', line 4)
COMPILER = clang
# default
MAKEFILES := 
# environment
SNAP_COOKIE = k43yV4npqE76_un8zV7wbQ64WNJlRwkXmeH-DYGbOqBWxD5Owbgn
# automatic
<F = $(notdir $<)
# makefile (from 'Makefile', line 2)
EXECUTABLE = elevator
# environment
ELECTRON_RUN_AS_NODE = 1
# makefile (from 'Makefile', line 7)
EXCLUDE = '*test*'
# environment
SNAP_NAME = code
# environment
LC_ALL = C
# environment
GJS_DEBUG_TOPICS = JS ERROR;JS LOG
# makefile (from 'Makefile', line 11)
OBJECTDIR = build
# automatic
^F = $(notdir $^)
# default
SUFFIXES := 
# environment
SNAP_REEXEC = 
# environment
CHROME_DESKTOP = code-url-handler.desktop
# environment
WINDOWPATH = 2
# default
.INCLUDE_DIRS = /usr/include /usr/local/include /usr/include
# environment
GJS_DEBUG_OUTPUT = stderr
# default
.RECIPEPREFIX := 
# makefile (from 'Makefile', line 14)
OBJECTS = $(addprefix $(OBJECTDIR)/, $(SOURCES:.c=.o))
# environment
LANG = C
# makefile (from 'Makefile', line 10)
SOURCEDIR = source
# environment
VSCODE_PID = 2212
# variable set hash-table stats:
 
# Load=133/1024=13%, Rehash=0, Collisions=20/178=11%

# Pattern-specific Variable Values

# No pattern-specific variable values.

# Directories

# source (device 2053, inode 156474): 3 files, no impossibilities so far.
# . (device 2053, inode 156369): 10 files, no impossibilities.

# 13 files, no impossibilities in 2 directories.

# Implicit Rules

build/%.o: source/%.c
#  recipe to execute (from 'Makefile', line 30):
	@mkdir -p $(@D)
	$(COMPILER) -o $@ -c $(CFLAGS) $<
	

# 1 implicit rules, 0 (0.0%) terminal.

# Files

build/main.o: source/main.c
#  Implicit rule search has been done.
#  Implicit/static pattern stem: 'main'
#  File does not exist.
#  File has been updated.
#  Needs to be updated (-q is set).
# automatic
# @ := build/main.o
# automatic
# % := 
# automatic
# * := main
# automatic
# + := source/main.c
# automatic
# | := 
# automatic
# < := source/main.c
# automatic
# ^ := source/main.c
# automatic
# ? := source/main.c
# variable set hash-table stats:
# Load=8/32=25%, Rehash=0, Collisions=1/17=6%
#  recipe to execute (from 'Makefile', line 30):
	@mkdir -p $(@D)
	$(COMPILER) -o $@ -c $(CFLAGS) $<
	

# Not a target:
source/main.c:
#  Implicit rule search has been done.
#  Last modified 2022-02-21 17:39:51.988769112
#  File has been updated.
#  Successfully updated.

all: elevator
#  Phony target (prerequisite of .PHONY).
#  Command line target.
#  Implicit rule search has not been done.
#  File does not exist.
#  File has been updated.
#  Needs to be updated (-q is set).
# variable set hash-table stats:
# Load=0/32=0%, Rehash=0, Collisions=0/6=0%

.PHONY: all rebuild clean
#  Implicit rule search has not been done.
#  Modification time never checked.
#  File has not been updated.

# Not a target:
Makefile:
#  Implicit rule search has been done.
#  Last modified 2022-02-21 17:39:51.960768624
#  File has been updated.
#  Successfully updated.

# Not a target:
build/driver/elevio.o:
#  Implicit rule search has not been done.
#  Modification time never checked.
#  File has not been updated.

rebuild: clean all
#  Phony target (prerequisite of .PHONY).
#  Implicit rule search has not been done.
#  File does not exist.
#  File has not been updated.
#  recipe to execute (from 'Makefile', line 19):
	

# Not a target:
.DEFAULT:
#  Implicit rule search has not been done.
#  Modification time never checked.
#  File has not been updated.

clean:
#  Phony target (prerequisite of .PHONY).
#  Implicit rule search has not been done.
#  File does not exist.
#  File has not been updated.
#  recipe to execute (from 'Makefile', line 21):
	rm -f $(EXECUTABLE)
	rm -rf $(OBJECTDIR)

elevator: build/main.o build/driver/elevio.o
#  Implicit rule search has not been done.
#  File does not exist.
#  File has been updated.
#  Needs to be updated (-q is set).
# variable set hash-table stats:
# Load=0/32=0%, Rehash=0, Collisions=0/6=0%
#  recipe to execute (from 'Makefile', line 26):
	$(COMPILER) $^ -o $@ $(LDFLAGS)

# files hash-table stats:
# Load=11/1024=1%, Rehash=0, Collisions=0/35=0%
# VPATH Search Paths

# No 'vpath' search paths.

# No general ('VPATH' variable) search path.

# strcache buffers: 1 (0) / strings = 26 / storage = 254 B / avg = 9 B
# current buf: size = 8162 B / used = 254 B / count = 26 / avg = 9 B

# strcache performance: lookups = 46 / hit rate = 43%
# hash-table stats:
# Load=26/8192=0%, Rehash=0, Collisions=2/46=4%
# Finished Make data base on Mon Feb 21 17:40:34 2022

 
